[ 2015-07-25T15:54:28+08:00 ] ::1 /tp/index.php/Home/Analyze/news.html
INFO: [ app_init ] --START--
INFO: Run Behavior\BuildLiteBehavior [ RunTime:0.001000s ]
INFO: [ app_init ] --END-- [ RunTime:0.001000s ]
INFO: [ app_begin ] --START--
INFO: Run Behavior\ReadHtmlCacheBehavior [ RunTime:0.001000s ]
INFO: [ app_begin ] --END-- [ RunTime:0.001000s ]
INFO: [ view_parse ] --START--
INFO: [ template_filter ] --START--
INFO: Run Behavior\ContentReplaceBehavior [ RunTime:0.000000s ]
INFO: [ template_filter ] --END-- [ RunTime:0.000000s ]
INFO: Run Behavior\ParseTemplateBehavior [ RunTime:0.007000s ]
INFO: [ view_parse ] --END-- [ RunTime:0.007000s ]
INFO: [ view_filter ] --START--
INFO: Run Behavior\WriteHtmlCacheBehavior [ RunTime:0.000000s ]
INFO: [ view_filter ] --END-- [ RunTime:0.000000s ]
INFO: [ app_end ] --START--
INFO: Run Behavior\ShowPageTraceBehavior [ RunTime:0.001000s ]
INFO: [ app_end ] --END-- [ RunTime:0.001000s ]

[ 2015-07-25T15:54:38+08:00 ] ::1 /tp/index.php/Home/Analyze/getcommonname
INFO: [ app_init ] --START--
INFO: Run Behavior\BuildLiteBehavior [ RunTime:0.000000s ]
INFO: [ app_init ] --END-- [ RunTime:0.000000s ]
INFO: [ app_begin ] --START--
INFO: Run Behavior\ReadHtmlCacheBehavior [ RunTime:0.000000s ]
INFO: [ app_begin ] --END-- [ RunTime:0.000000s ]
SQL: SHOW COLUMNS FROM `common` [ RunTime:0.000000s ]
SQL: SELECT COUNT(distinct common_name) AS tp_count FROM `common` WHERE `common_name` LIKE 'i%' LIMIT 1   [ RunTime:0.000000s ]
SQL: SELECT distinct common_name as name FROM `common` WHERE `common_name` LIKE 'i%' ORDER BY name asc LIMIT 0,50   [ RunTime:0.000000s ]

[ 2015-07-25T15:54:40+08:00 ] ::1 /tp/index.php/Home/Analyze/getcommonname
INFO: [ app_init ] --START--
INFO: Run Behavior\BuildLiteBehavior [ RunTime:0.000000s ]
INFO: [ app_init ] --END-- [ RunTime:0.000000s ]
INFO: [ app_begin ] --START--
INFO: Run Behavior\ReadHtmlCacheBehavior [ RunTime:0.000000s ]
INFO: [ app_begin ] --END-- [ RunTime:0.000000s ]
SQL: SHOW COLUMNS FROM `common` [ RunTime:0.005000s ]
SQL: SELECT COUNT(distinct common_name) AS tp_count FROM `common` WHERE `common_name` LIKE 'i%' LIMIT 1   [ RunTime:0.000000s ]
SQL: SELECT distinct common_name as name FROM `common` WHERE `common_name` LIKE 'i%' ORDER BY name asc LIMIT 0,50   [ RunTime:0.000000s ]

[ 2015-07-25T15:54:41+08:00 ] ::1 /tp/index.php/Home/Analyze/getcommonname
INFO: [ app_init ] --START--
INFO: Run Behavior\BuildLiteBehavior [ RunTime:0.000000s ]
INFO: [ app_init ] --END-- [ RunTime:0.000000s ]
INFO: [ app_begin ] --START--
INFO: Run Behavior\ReadHtmlCacheBehavior [ RunTime:0.000000s ]
INFO: [ app_begin ] --END-- [ RunTime:0.000000s ]
SQL: SHOW COLUMNS FROM `common` [ RunTime:0.005000s ]
SQL: SELECT COUNT(distinct common_name) AS tp_count FROM `common` WHERE `common_name` LIKE 'i%' LIMIT 1   [ RunTime:0.000000s ]
SQL: SELECT distinct common_name as name FROM `common` WHERE `common_name` LIKE 'i%' ORDER BY name asc LIMIT 0,50   [ RunTime:0.000000s ]

[ 2015-07-25T15:54:43+08:00 ] ::1 /tp/index.php/Home/Analyze/getcommonname
INFO: [ app_init ] --START--
INFO: Run Behavior\BuildLiteBehavior [ RunTime:0.000000s ]
INFO: [ app_init ] --END-- [ RunTime:0.000000s ]
INFO: [ app_begin ] --START--
INFO: Run Behavior\ReadHtmlCacheBehavior [ RunTime:0.000000s ]
INFO: [ app_begin ] --END-- [ RunTime:0.000000s ]
SQL: SHOW COLUMNS FROM `common` [ RunTime:0.002500s ]
SQL: SELECT COUNT(distinct common_name) AS tp_count FROM `common` WHERE `common_name` LIKE 'i%' LIMIT 1   [ RunTime:0.000000s ]
SQL: SELECT distinct common_name as name FROM `common` WHERE `common_name` LIKE 'i%' ORDER BY name asc LIMIT 0,50   [ RunTime:0.000000s ]

[ 2015-07-25T15:54:44+08:00 ] ::1 /tp/index.php/Home/Analyze/getcommonname
INFO: [ app_init ] --START--
INFO: Run Behavior\BuildLiteBehavior [ RunTime:0.000000s ]
INFO: [ app_init ] --END-- [ RunTime:0.000000s ]
INFO: [ app_begin ] --START--
INFO: Run Behavior\ReadHtmlCacheBehavior [ RunTime:0.002500s ]
INFO: [ app_begin ] --END-- [ RunTime:0.002500s ]
SQL: SHOW COLUMNS FROM `common` [ RunTime:0.002500s ]
SQL: SELECT COUNT(distinct common_name) AS tp_count FROM `common` WHERE `common_name` LIKE 'i%' LIMIT 1   [ RunTime:0.000000s ]
SQL: SELECT distinct common_name as name FROM `common` WHERE `common_name` LIKE 'i%' ORDER BY name asc LIMIT 0,50   [ RunTime:0.002500s ]

[ 2015-07-25T15:54:45+08:00 ] ::1 /tp/index.php/Home/Analyze/getcommonname
INFO: [ app_init ] --START--
INFO: Run Behavior\BuildLiteBehavior [ RunTime:0.000000s ]
INFO: [ app_init ] --END-- [ RunTime:0.000000s ]
INFO: [ app_begin ] --START--
INFO: Run Behavior\ReadHtmlCacheBehavior [ RunTime:0.002500s ]
INFO: [ app_begin ] --END-- [ RunTime:0.002500s ]
SQL: SHOW COLUMNS FROM `common` [ RunTime:0.002500s ]
SQL: SELECT COUNT(distinct common_name) AS tp_count FROM `common` WHERE `common_name` LIKE 'i%' LIMIT 1   [ RunTime:0.000000s ]
SQL: SELECT distinct common_name as name FROM `common` WHERE `common_name` LIKE 'i%' ORDER BY name asc LIMIT 0,50   [ RunTime:0.000000s ]

[ 2015-07-25T15:54:48+08:00 ] ::1 /tp/index.php/Home/Analyze/getcommonname
INFO: [ app_init ] --START--
INFO: Run Behavior\BuildLiteBehavior [ RunTime:0.000000s ]
INFO: [ app_init ] --END-- [ RunTime:0.000000s ]
INFO: [ app_begin ] --START--
INFO: Run Behavior\ReadHtmlCacheBehavior [ RunTime:0.002500s ]
INFO: [ app_begin ] --END-- [ RunTime:0.002500s ]
SQL: SHOW COLUMNS FROM `common` [ RunTime:0.005001s ]
SQL: SELECT COUNT(distinct common_name) AS tp_count FROM `common` WHERE `common_name` LIKE '%' LIMIT 1   [ RunTime:0.000000s ]
SQL: SELECT distinct common_name as name FROM `common` WHERE `common_name` LIKE '%' ORDER BY name asc LIMIT 0,50   [ RunTime:0.000000s ]

[ 2015-07-25T15:54:58+08:00 ] ::1 /tp/index.php/Home/Analyze/news.html
INFO: [ app_init ] --START--
INFO: Run Behavior\BuildLiteBehavior [ RunTime:0.000000s ]
INFO: [ app_init ] --END-- [ RunTime:0.000000s ]
INFO: [ app_begin ] --START--
INFO: Run Behavior\ReadHtmlCacheBehavior [ RunTime:0.001000s ]
INFO: [ app_begin ] --END-- [ RunTime:0.001000s ]
INFO: [ view_parse ] --START--
INFO: [ template_filter ] --START--
INFO: Run Behavior\ContentReplaceBehavior [ RunTime:0.000000s ]
INFO: [ template_filter ] --END-- [ RunTime:0.000000s ]
INFO: Run Behavior\ParseTemplateBehavior [ RunTime:0.009001s ]
INFO: [ view_parse ] --END-- [ RunTime:0.009001s ]
INFO: [ view_filter ] --START--
INFO: Run Behavior\WriteHtmlCacheBehavior [ RunTime:0.000000s ]
INFO: [ view_filter ] --END-- [ RunTime:0.000000s ]
INFO: [ app_end ] --START--
INFO: Run Behavior\ShowPageTraceBehavior [ RunTime:0.001000s ]
INFO: [ app_end ] --END-- [ RunTime:0.001000s ]

[ 2015-07-25T15:55:04+08:00 ] ::1 /tp/index.php/Home/Analyze/getcommonname
INFO: [ app_init ] --START--
INFO: Run Behavior\BuildLiteBehavior [ RunTime:0.000000s ]
INFO: [ app_init ] --END-- [ RunTime:0.001000s ]
INFO: [ app_begin ] --START--
INFO: Run Behavior\ReadHtmlCacheBehavior [ RunTime:0.000000s ]
INFO: [ app_begin ] --END-- [ RunTime:0.002001s ]
SQL: SHOW COLUMNS FROM `common` [ RunTime:0.004000s ]
SQL: SELECT COUNT(distinct common_name) AS tp_count FROM `common` WHERE `common_name` LIKE 'i%' LIMIT 1   [ RunTime:0.001000s ]
SQL: SELECT distinct common_name as name FROM `common` WHERE `common_name` LIKE 'i%' ORDER BY name asc LIMIT 0,50   [ RunTime:0.001001s ]

[ 2015-07-25T15:55:11+08:00 ] ::1 /tp/index.php/Home/Analyze/getcommonname
INFO: [ app_init ] --START--
INFO: Run Behavior\BuildLiteBehavior [ RunTime:0.000000s ]
INFO: [ app_init ] --END-- [ RunTime:0.002000s ]
INFO: [ app_begin ] --START--
INFO: Run Behavior\ReadHtmlCacheBehavior [ RunTime:0.002000s ]
INFO: [ app_begin ] --END-- [ RunTime:0.002000s ]
SQL: SHOW COLUMNS FROM `common` [ RunTime:0.004000s ]
SQL: SELECT COUNT(distinct common_name) AS tp_count FROM `common` WHERE `common_name` LIKE '%' LIMIT 1   [ RunTime:0.000000s ]
SQL: SELECT distinct common_name as name FROM `common` WHERE `common_name` LIKE '%' ORDER BY name asc LIMIT 0,50   [ RunTime:0.000000s ]

[ 2015-07-25T15:59:57+08:00 ] ::1 /tp/index.php/Home/Analyze/news.html
INFO: [ app_init ] --START--
INFO: Run Behavior\BuildLiteBehavior [ RunTime:0.000000s ]
INFO: [ app_init ] --END-- [ RunTime:0.000000s ]
INFO: [ app_begin ] --START--
INFO: Run Behavior\ReadHtmlCacheBehavior [ RunTime:0.001000s ]
INFO: [ app_begin ] --END-- [ RunTime:0.001000s ]
INFO: [ view_parse ] --START--
INFO: [ template_filter ] --START--
INFO: Run Behavior\ContentReplaceBehavior [ RunTime:0.000000s ]
INFO: [ template_filter ] --END-- [ RunTime:0.000000s ]
INFO: Run Behavior\ParseTemplateBehavior [ RunTime:0.007001s ]
INFO: [ view_parse ] --END-- [ RunTime:0.007001s ]
INFO: [ view_filter ] --START--
INFO: Run Behavior\WriteHtmlCacheBehavior [ RunTime:0.000000s ]
INFO: [ view_filter ] --END-- [ RunTime:0.000000s ]
INFO: [ app_end ] --START--
INFO: Run Behavior\ShowPageTraceBehavior [ RunTime:0.001000s ]
INFO: [ app_end ] --END-- [ RunTime:0.001000s ]

[ 2015-07-25T16:00:02+08:00 ] ::1 /tp/index.php/Home/Analyze/getcommonname
INFO: [ app_init ] --START--
INFO: Run Behavior\BuildLiteBehavior [ RunTime:0.001000s ]
INFO: [ app_init ] --END-- [ RunTime:0.002000s ]
INFO: [ app_begin ] --START--
INFO: Run Behavior\ReadHtmlCacheBehavior [ RunTime:0.002000s ]
INFO: [ app_begin ] --END-- [ RunTime:0.002000s ]
SQL: SHOW COLUMNS FROM `common` [ RunTime:0.004000s ]
SQL: SELECT COUNT(distinct common_name) AS tp_count FROM `common` WHERE `common_name` LIKE 'i%' LIMIT 1   [ RunTime:0.001000s ]
SQL: SELECT distinct common_name as name FROM `common` WHERE `common_name` LIKE 'i%' ORDER BY name asc LIMIT 0,50   [ RunTime:0.000000s ]

[ 2015-07-25T16:01:29+08:00 ] ::1 /tp/index.php/Home/Analyze/news.html
INFO: [ app_init ] --START--
INFO: Run Behavior\BuildLiteBehavior [ RunTime:0.000000s ]
INFO: [ app_init ] --END-- [ RunTime:0.001000s ]
INFO: [ app_begin ] --START--
INFO: Run Behavior\ReadHtmlCacheBehavior [ RunTime:0.001000s ]
INFO: [ app_begin ] --END-- [ RunTime:0.001000s ]
INFO: [ view_parse ] --START--
INFO: [ template_filter ] --START--
INFO: Run Behavior\ContentReplaceBehavior [ RunTime:0.000000s ]
INFO: [ template_filter ] --END-- [ RunTime:0.000000s ]
INFO: Run Behavior\ParseTemplateBehavior [ RunTime:0.010000s ]
INFO: [ view_parse ] --END-- [ RunTime:0.010000s ]
INFO: [ view_filter ] --START--
INFO: Run Behavior\WriteHtmlCacheBehavior [ RunTime:0.001000s ]
INFO: [ view_filter ] --END-- [ RunTime:0.001000s ]
INFO: [ app_end ] --START--
INFO: Run Behavior\ShowPageTraceBehavior [ RunTime:0.002001s ]
INFO: [ app_end ] --END-- [ RunTime:0.002001s ]

[ 2015-07-25T16:02:48+08:00 ] ::1 /tp/index.php/Home/Analyze/news.html
INFO: [ app_init ] --START--
INFO: Run Behavior\BuildLiteBehavior [ RunTime:0.000000s ]
INFO: [ app_init ] --END-- [ RunTime:0.000000s ]
INFO: [ app_begin ] --START--
INFO: Run Behavior\ReadHtmlCacheBehavior [ RunTime:0.001000s ]
INFO: [ app_begin ] --END-- [ RunTime:0.001000s ]
INFO: [ view_parse ] --START--
INFO: [ template_filter ] --START--
INFO: Run Behavior\ContentReplaceBehavior [ RunTime:0.000000s ]
INFO: [ template_filter ] --END-- [ RunTime:0.000000s ]
INFO: Run Behavior\ParseTemplateBehavior [ RunTime:0.007001s ]
INFO: [ view_parse ] --END-- [ RunTime:0.007001s ]
INFO: [ view_filter ] --START--
INFO: Run Behavior\WriteHtmlCacheBehavior [ RunTime:0.000000s ]
INFO: [ view_filter ] --END-- [ RunTime:0.000000s ]
INFO: [ app_end ] --START--
INFO: Run Behavior\ShowPageTraceBehavior [ RunTime:0.001000s ]
INFO: [ app_end ] --END-- [ RunTime:0.001000s ]

[ 2015-07-25T16:03:14+08:00 ] ::1 /tp/index.php/Home/Analyze/getcommonname
INFO: [ app_init ] --START--
INFO: Run Behavior\BuildLiteBehavior [ RunTime:0.000000s ]
INFO: [ app_init ] --END-- [ RunTime:0.001000s ]
INFO: [ app_begin ] --START--
INFO: Run Behavior\ReadHtmlCacheBehavior [ RunTime:0.001000s ]
INFO: [ app_begin ] --END-- [ RunTime:0.001000s ]
SQL: SHOW COLUMNS FROM `common` [ RunTime:0.003000s ]
SQL: SELECT COUNT(distinct common_name) AS tp_count FROM `common` WHERE `common_name` LIKE 'i%' LIMIT 1   [ RunTime:0.000000s ]
SQL: SELECT distinct common_name as name FROM `common` WHERE `common_name` LIKE 'i%' ORDER BY name asc LIMIT 0,50   [ RunTime:0.000000s ]

[ 2015-07-25T16:03:27+08:00 ] ::1 /tp/index.php/Home/Analyze/getcommonname
INFO: [ app_init ] --START--
INFO: Run Behavior\BuildLiteBehavior [ RunTime:0.000000s ]
INFO: [ app_init ] --END-- [ RunTime:0.001000s ]
INFO: [ app_begin ] --START--
INFO: Run Behavior\ReadHtmlCacheBehavior [ RunTime:0.001000s ]
INFO: [ app_begin ] --END-- [ RunTime:0.001000s ]
SQL: SHOW COLUMNS FROM `common` [ RunTime:0.004000s ]
SQL: SELECT COUNT(distinct common_name) AS tp_count FROM `common` WHERE `common_name` LIKE '%' LIMIT 1   [ RunTime:0.001000s ]
SQL: SELECT distinct common_name as name FROM `common` WHERE `common_name` LIKE '%' ORDER BY name asc LIMIT 0,50   [ RunTime:0.001000s ]

[ 2015-07-25T16:13:48+08:00 ] ::1 /tp/index.php/Home/Analyze/news.html
INFO: [ app_init ] --START--
INFO: Run Behavior\BuildLiteBehavior [ RunTime:0.000000s ]
INFO: [ app_init ] --END-- [ RunTime:0.001000s ]
INFO: [ app_begin ] --START--
INFO: Run Behavior\ReadHtmlCacheBehavior [ RunTime:0.001000s ]
INFO: [ app_begin ] --END-- [ RunTime:0.001000s ]
INFO: [ view_parse ] --START--
INFO: [ template_filter ] --START--
INFO: Run Behavior\ContentReplaceBehavior [ RunTime:0.000000s ]
INFO: [ template_filter ] --END-- [ RunTime:0.000000s ]
INFO: Run Behavior\ParseTemplateBehavior [ RunTime:0.006000s ]
INFO: [ view_parse ] --END-- [ RunTime:0.006000s ]
INFO: [ view_filter ] --START--
INFO: Run Behavior\WriteHtmlCacheBehavior [ RunTime:0.001000s ]
INFO: [ view_filter ] --END-- [ RunTime:0.001000s ]
INFO: [ app_end ] --START--
INFO: Run Behavior\ShowPageTraceBehavior [ RunTime:0.000000s ]
INFO: [ app_end ] --END-- [ RunTime:0.000000s ]

[ 2015-07-25T16:13:54+08:00 ] ::1 /tp/index.php/Home/Analyze/getcommonname
INFO: [ app_init ] --START--
INFO: Run Behavior\BuildLiteBehavior [ RunTime:0.000000s ]
INFO: [ app_init ] --END-- [ RunTime:0.001000s ]
INFO: [ app_begin ] --START--
INFO: Run Behavior\ReadHtmlCacheBehavior [ RunTime:0.001000s ]
INFO: [ app_begin ] --END-- [ RunTime:0.001000s ]
SQL: SHOW COLUMNS FROM `common` [ RunTime:0.004000s ]
SQL: SELECT COUNT(distinct common_name) AS tp_count FROM `common` WHERE `common_name` LIKE 'i%' LIMIT 1   [ RunTime:0.000000s ]
SQL: SELECT distinct common_name as name FROM `common` WHERE `common_name` LIKE 'i%' ORDER BY name asc LIMIT 0,50   [ RunTime:0.000000s ]

[ 2015-07-25T16:13:57+08:00 ] ::1 /tp/index.php/Home/Analyze/getcommonname
INFO: [ app_init ] --START--
INFO: Run Behavior\BuildLiteBehavior [ RunTime:0.000000s ]
INFO: [ app_init ] --END-- [ RunTime:0.000000s ]
INFO: [ app_begin ] --START--
INFO: Run Behavior\ReadHtmlCacheBehavior [ RunTime:0.001000s ]
INFO: [ app_begin ] --END-- [ RunTime:0.001000s ]
SQL: SHOW COLUMNS FROM `common` [ RunTime:0.002000s ]
SQL: SELECT COUNT(distinct common_name) AS tp_count FROM `common` WHERE `common_name` LIKE 'if%' LIMIT 1   [ RunTime:0.000000s ]
SQL: SELECT distinct common_name as name FROM `common` WHERE `common_name` LIKE 'if%' ORDER BY name asc LIMIT 0,50   [ RunTime:0.000000s ]

[ 2015-07-25T16:19:05+08:00 ] ::1 /tp/index.php/Home/Analyze/news.html
INFO: [ app_init ] --START--
INFO: Run Behavior\BuildLiteBehavior [ RunTime:0.000000s ]
INFO: [ app_init ] --END-- [ RunTime:0.000000s ]
INFO: [ app_begin ] --START--
INFO: Run Behavior\ReadHtmlCacheBehavior [ RunTime:0.001000s ]
INFO: [ app_begin ] --END-- [ RunTime:0.001000s ]
INFO: [ view_parse ] --START--
INFO: [ template_filter ] --START--
INFO: Run Behavior\ContentReplaceBehavior [ RunTime:0.000000s ]
INFO: [ template_filter ] --END-- [ RunTime:0.001000s ]
INFO: Run Behavior\ParseTemplateBehavior [ RunTime:0.007000s ]
INFO: [ view_parse ] --END-- [ RunTime:0.007000s ]
INFO: [ view_filter ] --START--
INFO: Run Behavior\WriteHtmlCacheBehavior [ RunTime:0.001000s ]
INFO: [ view_filter ] --END-- [ RunTime:0.001000s ]
INFO: [ app_end ] --START--
INFO: Run Behavior\ShowPageTraceBehavior [ RunTime:0.000000s ]
INFO: [ app_end ] --END-- [ RunTime:0.000000s ]

[ 2015-07-25T16:19:11+08:00 ] ::1 /tp/index.php/Home/Analyze/getcommonname
INFO: [ app_init ] --START--
INFO: Run Behavior\BuildLiteBehavior [ RunTime:0.000000s ]
INFO: [ app_init ] --END-- [ RunTime:0.001000s ]
INFO: [ app_begin ] --START--
INFO: Run Behavior\ReadHtmlCacheBehavior [ RunTime:0.002000s ]
INFO: [ app_begin ] --END-- [ RunTime:0.002000s ]
SQL: SHOW COLUMNS FROM `common` [ RunTime:0.006000s ]
SQL: SELECT COUNT(distinct common_name) AS tp_count FROM `common` WHERE `common_name` LIKE 'i%' LIMIT 1   [ RunTime:0.001000s ]
SQL: SELECT distinct common_name as name FROM `common` WHERE `common_name` LIKE 'i%' ORDER BY name asc LIMIT 0,50   [ RunTime:0.001000s ]

[ 2015-07-25T16:20:32+08:00 ] ::1 /tp/index.php/Home/Analyze/news.html
INFO: [ app_init ] --START--
INFO: Run Behavior\BuildLiteBehavior [ RunTime:0.000000s ]
INFO: [ app_init ] --END-- [ RunTime:0.001000s ]
INFO: [ app_begin ] --START--
INFO: Run Behavior\ReadHtmlCacheBehavior [ RunTime:0.001000s ]
INFO: [ app_begin ] --END-- [ RunTime:0.001000s ]
INFO: [ view_parse ] --START--
INFO: [ template_filter ] --START--
INFO: Run Behavior\ContentReplaceBehavior [ RunTime:0.000000s ]
INFO: [ template_filter ] --END-- [ RunTime:0.000000s ]
INFO: Run Behavior\ParseTemplateBehavior [ RunTime:0.013001s ]
INFO: [ view_parse ] --END-- [ RunTime:0.013001s ]
INFO: [ view_filter ] --START--
INFO: Run Behavior\WriteHtmlCacheBehavior [ RunTime:0.000000s ]
INFO: [ view_filter ] --END-- [ RunTime:0.000000s ]
INFO: [ app_end ] --START--
INFO: Run Behavior\ShowPageTraceBehavior [ RunTime:0.001000s ]
INFO: [ app_end ] --END-- [ RunTime:0.001000s ]

[ 2015-07-25T16:20:39+08:00 ] ::1 /tp/index.php/Home/Analyze/getcommonname
INFO: [ app_init ] --START--
INFO: Run Behavior\BuildLiteBehavior [ RunTime:0.000000s ]
INFO: [ app_init ] --END-- [ RunTime:0.001000s ]
INFO: [ app_begin ] --START--
INFO: Run Behavior\ReadHtmlCacheBehavior [ RunTime:0.002000s ]
INFO: [ app_begin ] --END-- [ RunTime:0.002000s ]
SQL: SHOW COLUMNS FROM `common` [ RunTime:0.008001s ]
SQL: SELECT COUNT(distinct common_name) AS tp_count FROM `common` WHERE `common_name` LIKE 'i%' LIMIT 1   [ RunTime:0.001000s ]
SQL: SELECT distinct common_name as name FROM `common` WHERE `common_name` LIKE 'i%' ORDER BY name asc LIMIT 0,50   [ RunTime:0.001000s ]

[ 2015-07-25T16:22:10+08:00 ] ::1 /tp/index.php/Home/Analyze/news.html
INFO: [ app_init ] --START--
INFO: Run Behavior\BuildLiteBehavior [ RunTime:0.000000s ]
INFO: [ app_init ] --END-- [ RunTime:0.001000s ]
INFO: [ app_begin ] --START--
INFO: Run Behavior\ReadHtmlCacheBehavior [ RunTime:0.001000s ]
INFO: [ app_begin ] --END-- [ RunTime:0.001000s ]
INFO: [ view_parse ] --START--
INFO: [ template_filter ] --START--
INFO: Run Behavior\ContentReplaceBehavior [ RunTime:0.001000s ]
INFO: [ template_filter ] --END-- [ RunTime:0.001000s ]
INFO: Run Behavior\ParseTemplateBehavior [ RunTime:0.006001s ]
INFO: [ view_parse ] --END-- [ RunTime:0.006001s ]
INFO: [ view_filter ] --START--
INFO: Run Behavior\WriteHtmlCacheBehavior [ RunTime:0.001000s ]
INFO: [ view_filter ] --END-- [ RunTime:0.001000s ]
INFO: [ app_end ] --START--
INFO: Run Behavior\ShowPageTraceBehavior [ RunTime:0.000000s ]
INFO: [ app_end ] --END-- [ RunTime:0.000000s ]

[ 2015-07-25T16:22:13+08:00 ] ::1 /tp/index.php/Home/Analyze/getcommonname
INFO: [ app_init ] --START--
INFO: Run Behavior\BuildLiteBehavior [ RunTime:0.000000s ]
INFO: [ app_init ] --END-- [ RunTime:0.001000s ]
INFO: [ app_begin ] --START--
INFO: Run Behavior\ReadHtmlCacheBehavior [ RunTime:0.002000s ]
INFO: [ app_begin ] --END-- [ RunTime:0.002000s ]
SQL: SHOW COLUMNS FROM `common` [ RunTime:0.005001s ]
SQL: SELECT COUNT(distinct common_name) AS tp_count FROM `common` WHERE `common_name` LIKE 'i%' LIMIT 1   [ RunTime:0.001000s ]
SQL: SELECT distinct common_name as name FROM `common` WHERE `common_name` LIKE 'i%' ORDER BY name asc LIMIT 0,50   [ RunTime:0.000000s ]

[ 2015-07-25T16:23:27+08:00 ] ::1 /tp/index.php/Home/Analyze/news.html
INFO: [ app_init ] --START--
INFO: Run Behavior\BuildLiteBehavior [ RunTime:0.000000s ]
INFO: [ app_init ] --END-- [ RunTime:0.001001s ]
INFO: [ app_begin ] --START--
INFO: Run Behavior\ReadHtmlCacheBehavior [ RunTime:0.001000s ]
INFO: [ app_begin ] --END-- [ RunTime:0.001000s ]
INFO: [ view_parse ] --START--
INFO: [ template_filter ] --START--
INFO: Run Behavior\ContentReplaceBehavior [ RunTime:0.000000s ]
INFO: [ template_filter ] --END-- [ RunTime:0.000000s ]
INFO: Run Behavior\ParseTemplateBehavior [ RunTime:0.011001s ]
INFO: [ view_parse ] --END-- [ RunTime:0.011001s ]
INFO: [ view_filter ] --START--
INFO: Run Behavior\WriteHtmlCacheBehavior [ RunTime:0.000000s ]
INFO: [ view_filter ] --END-- [ RunTime:0.001000s ]
INFO: [ app_end ] --START--
INFO: Run Behavior\ShowPageTraceBehavior [ RunTime:0.001000s ]
INFO: [ app_end ] --END-- [ RunTime:0.001000s ]

[ 2015-07-25T16:23:31+08:00 ] ::1 /tp/index.php/Home/Analyze/getcommonname
INFO: [ app_init ] --START--
INFO: Run Behavior\BuildLiteBehavior [ RunTime:0.000000s ]
INFO: [ app_init ] --END-- [ RunTime:0.001000s ]
INFO: [ app_begin ] --START--
INFO: Run Behavior\ReadHtmlCacheBehavior [ RunTime:0.001000s ]
INFO: [ app_begin ] --END-- [ RunTime:0.001000s ]
SQL: SHOW COLUMNS FROM `common` [ RunTime:0.004000s ]
SQL: SELECT COUNT(distinct common_name) AS tp_count FROM `common` WHERE `common_name` LIKE 'i%' LIMIT 1   [ RunTime:0.000000s ]
SQL: SELECT distinct common_name as name FROM `common` WHERE `common_name` LIKE 'i%' ORDER BY name asc LIMIT 0,50   [ RunTime:0.001000s ]

[ 2015-07-25T16:23:54+08:00 ] ::1 /tp/index.php/Home/Analyze/news.html
INFO: [ app_init ] --START--
INFO: Run Behavior\BuildLiteBehavior [ RunTime:0.000000s ]
INFO: [ app_init ] --END-- [ RunTime:0.001000s ]
INFO: [ app_begin ] --START--
INFO: Run Behavior\ReadHtmlCacheBehavior [ RunTime:0.001000s ]
INFO: [ app_begin ] --END-- [ RunTime:0.001000s ]
INFO: [ view_parse ] --START--
INFO: [ template_filter ] --START--
INFO: Run Behavior\ContentReplaceBehavior [ RunTime:0.000000s ]
INFO: [ template_filter ] --END-- [ RunTime:0.000000s ]
INFO: Run Behavior\ParseTemplateBehavior [ RunTime:0.009001s ]
INFO: [ view_parse ] --END-- [ RunTime:0.009001s ]
INFO: [ view_filter ] --START--
INFO: Run Behavior\WriteHtmlCacheBehavior [ RunTime:0.000000s ]
INFO: [ view_filter ] --END-- [ RunTime:0.001000s ]
INFO: [ app_end ] --START--
INFO: Run Behavior\ShowPageTraceBehavior [ RunTime:0.001000s ]
INFO: [ app_end ] --END-- [ RunTime:0.001000s ]

[ 2015-07-25T16:24:22+08:00 ] ::1 /tp/index.php/Home/Analyze/news.html
INFO: [ app_init ] --START--
INFO: Run Behavior\BuildLiteBehavior [ RunTime:0.000000s ]
INFO: [ app_init ] --END-- [ RunTime:0.001001s ]
INFO: [ app_begin ] --START--
INFO: Run Behavior\ReadHtmlCacheBehavior [ RunTime:0.001000s ]
INFO: [ app_begin ] --END-- [ RunTime:0.001000s ]
INFO: [ view_parse ] --START--
INFO: [ template_filter ] --START--
INFO: Run Behavior\ContentReplaceBehavior [ RunTime:0.000000s ]
INFO: [ template_filter ] --END-- [ RunTime:0.000000s ]
INFO: Run Behavior\ParseTemplateBehavior [ RunTime:0.012001s ]
INFO: [ view_parse ] --END-- [ RunTime:0.012001s ]
INFO: [ view_filter ] --START--
INFO: Run Behavior\WriteHtmlCacheBehavior [ RunTime:0.000000s ]
INFO: [ view_filter ] --END-- [ RunTime:0.001000s ]
INFO: [ app_end ] --START--
INFO: Run Behavior\ShowPageTraceBehavior [ RunTime:0.001000s ]
INFO: [ app_end ] --END-- [ RunTime:0.001000s ]

[ 2015-07-25T16:24:26+08:00 ] ::1 /tp/index.php/Home/Analyze/getcommonname
INFO: [ app_init ] --START--
INFO: Run Behavior\BuildLiteBehavior [ RunTime:0.000000s ]
INFO: [ app_init ] --END-- [ RunTime:0.001000s ]
INFO: [ app_begin ] --START--
INFO: Run Behavior\ReadHtmlCacheBehavior [ RunTime:0.002001s ]
INFO: [ app_begin ] --END-- [ RunTime:0.002001s ]
SQL: SHOW COLUMNS FROM `common` [ RunTime:0.004000s ]
SQL: SELECT COUNT(distinct common_name) AS tp_count FROM `common` WHERE `common_name` LIKE 'i%' LIMIT 1   [ RunTime:0.001000s ]
SQL: SELECT distinct common_name as name FROM `common` WHERE `common_name` LIKE 'i%' ORDER BY name asc LIMIT 0,50   [ RunTime:0.001000s ]

[ 2015-07-25T16:26:59+08:00 ] ::1 /tp/index.php/Home/Analyze/news.html
INFO: [ app_init ] --START--
INFO: Run Behavior\BuildLiteBehavior [ RunTime:0.000000s ]
INFO: [ app_init ] --END-- [ RunTime:0.001000s ]
INFO: [ app_begin ] --START--
INFO: Run Behavior\ReadHtmlCacheBehavior [ RunTime:0.001000s ]
INFO: [ app_begin ] --END-- [ RunTime:0.001000s ]
INFO: [ view_parse ] --START--
INFO: [ template_filter ] --START--
INFO: Run Behavior\ContentReplaceBehavior [ RunTime:0.000000s ]
INFO: [ template_filter ] --END-- [ RunTime:0.000000s ]
INFO: Run Behavior\ParseTemplateBehavior [ RunTime:0.007000s ]
INFO: [ view_parse ] --END-- [ RunTime:0.007000s ]
INFO: [ view_filter ] --START--
INFO: Run Behavior\WriteHtmlCacheBehavior [ RunTime:0.000000s ]
INFO: [ view_filter ] --END-- [ RunTime:0.000000s ]
INFO: [ app_end ] --START--
INFO: Run Behavior\ShowPageTraceBehavior [ RunTime:0.001000s ]
INFO: [ app_end ] --END-- [ RunTime:0.001000s ]

[ 2015-07-25T16:27:03+08:00 ] ::1 /tp/index.php/Home/Analyze/getcommonname
INFO: [ app_init ] --START--
INFO: Run Behavior\BuildLiteBehavior [ RunTime:0.000000s ]
INFO: [ app_init ] --END-- [ RunTime:0.001000s ]
INFO: [ app_begin ] --START--
INFO: Run Behavior\ReadHtmlCacheBehavior [ RunTime:0.001000s ]
INFO: [ app_begin ] --END-- [ RunTime:0.001000s ]
SQL: SHOW COLUMNS FROM `common` [ RunTime:0.004000s ]
SQL: SELECT COUNT(distinct common_name) AS tp_count FROM `common` WHERE `common_name` LIKE 'i%' LIMIT 1   [ RunTime:0.000000s ]
SQL: SELECT distinct common_name as name FROM `common` WHERE `common_name` LIKE 'i%' ORDER BY name asc LIMIT 0,50   [ RunTime:0.001000s ]

[ 2015-07-25T16:27:31+08:00 ] ::1 /tp/index.php/Home/Analyze/news.html
INFO: [ app_init ] --START--
INFO: Run Behavior\BuildLiteBehavior [ RunTime:0.000000s ]
INFO: [ app_init ] --END-- [ RunTime:0.001000s ]
INFO: [ app_begin ] --START--
INFO: Run Behavior\ReadHtmlCacheBehavior [ RunTime:0.001000s ]
INFO: [ app_begin ] --END-- [ RunTime:0.001000s ]
INFO: [ view_parse ] --START--
INFO: [ template_filter ] --START--
INFO: Run Behavior\ContentReplaceBehavior [ RunTime:0.000000s ]
INFO: [ template_filter ] --END-- [ RunTime:0.000000s ]
INFO: Run Behavior\ParseTemplateBehavior [ RunTime:0.010000s ]
INFO: [ view_parse ] --END-- [ RunTime:0.010000s ]
INFO: [ view_filter ] --START--
INFO: Run Behavior\WriteHtmlCacheBehavior [ RunTime:0.000000s ]
INFO: [ view_filter ] --END-- [ RunTime:0.000000s ]
INFO: [ app_end ] --START--
INFO: Run Behavior\ShowPageTraceBehavior [ RunTime:0.001000s ]
INFO: [ app_end ] --END-- [ RunTime:0.001000s ]

[ 2015-07-25T16:27:35+08:00 ] ::1 /tp/index.php/Home/Analyze/getcommonname
INFO: [ app_init ] --START--
INFO: Run Behavior\BuildLiteBehavior [ RunTime:0.000000s ]
INFO: [ app_init ] --END-- [ RunTime:0.002000s ]
INFO: [ app_begin ] --START--
INFO: Run Behavior\ReadHtmlCacheBehavior [ RunTime:0.002000s ]
INFO: [ app_begin ] --END-- [ RunTime:0.002000s ]
SQL: SHOW COLUMNS FROM `common` [ RunTime:0.004000s ]
SQL: SELECT COUNT(distinct common_name) AS tp_count FROM `common` WHERE `common_name` LIKE 'i%' LIMIT 1   [ RunTime:0.001000s ]
SQL: SELECT distinct common_name as name FROM `common` WHERE `common_name` LIKE 'i%' ORDER BY name asc LIMIT 0,50   [ RunTime:0.001000s ]

[ 2015-07-25T16:28:23+08:00 ] ::1 /tp/index.php/Home/Analyze/news.html
INFO: [ app_init ] --START--
INFO: Run Behavior\BuildLiteBehavior [ RunTime:0.000000s ]
INFO: [ app_init ] --END-- [ RunTime:0.001000s ]
INFO: [ app_begin ] --START--
INFO: Run Behavior\ReadHtmlCacheBehavior [ RunTime:0.001000s ]
INFO: [ app_begin ] --END-- [ RunTime:0.001000s ]
INFO: [ view_parse ] --START--
INFO: [ template_filter ] --START--
INFO: Run Behavior\ContentReplaceBehavior [ RunTime:0.000000s ]
INFO: [ template_filter ] --END-- [ RunTime:0.000000s ]
INFO: Run Behavior\ParseTemplateBehavior [ RunTime:0.009000s ]
INFO: [ view_parse ] --END-- [ RunTime:0.009000s ]
INFO: [ view_filter ] --START--
INFO: Run Behavior\WriteHtmlCacheBehavior [ RunTime:0.000000s ]
INFO: [ view_filter ] --END-- [ RunTime:0.000000s ]
INFO: [ app_end ] --START--
INFO: Run Behavior\ShowPageTraceBehavior [ RunTime:0.001000s ]
INFO: [ app_end ] --END-- [ RunTime:0.001000s ]

[ 2015-07-25T16:28:26+08:00 ] ::1 /tp/index.php/Home/Analyze/getcommonname
INFO: [ app_init ] --START--
INFO: Run Behavior\BuildLiteBehavior [ RunTime:0.000000s ]
INFO: [ app_init ] --END-- [ RunTime:0.001000s ]
INFO: [ app_begin ] --START--
INFO: Run Behavior\ReadHtmlCacheBehavior [ RunTime:0.002000s ]
INFO: [ app_begin ] --END-- [ RunTime:0.002000s ]
SQL: SHOW COLUMNS FROM `common` [ RunTime:0.005000s ]
SQL: SELECT COUNT(distinct common_name) AS tp_count FROM `common` WHERE `common_name` LIKE 'i%' LIMIT 1   [ RunTime:0.000000s ]
SQL: SELECT distinct common_name as name FROM `common` WHERE `common_name` LIKE 'i%' ORDER BY name asc LIMIT 0,50   [ RunTime:0.000000s ]

[ 2015-07-25T16:32:53+08:00 ] ::1 /tp/index.php/Home/Analyze/news.html
INFO: [ app_init ] --START--
INFO: Run Behavior\BuildLiteBehavior [ RunTime:0.000000s ]
INFO: [ app_init ] --END-- [ RunTime:0.001000s ]
INFO: [ app_begin ] --START--
INFO: Run Behavior\ReadHtmlCacheBehavior [ RunTime:0.001000s ]
INFO: [ app_begin ] --END-- [ RunTime:0.001000s ]
INFO: [ view_parse ] --START--
INFO: [ template_filter ] --START--
INFO: Run Behavior\ContentReplaceBehavior [ RunTime:0.000000s ]
INFO: [ template_filter ] --END-- [ RunTime:0.000000s ]
INFO: Run Behavior\ParseTemplateBehavior [ RunTime:0.006001s ]
INFO: [ view_parse ] --END-- [ RunTime:0.006001s ]
INFO: [ view_filter ] --START--
INFO: Run Behavior\WriteHtmlCacheBehavior [ RunTime:0.000000s ]
INFO: [ view_filter ] --END-- [ RunTime:0.000000s ]
INFO: [ app_end ] --START--
INFO: Run Behavior\ShowPageTraceBehavior [ RunTime:0.001000s ]
INFO: [ app_end ] --END-- [ RunTime:0.001000s ]

[ 2015-07-25T16:32:57+08:00 ] ::1 /tp/index.php/Home/Analyze/getcommonname
INFO: [ app_init ] --START--
INFO: Run Behavior\BuildLiteBehavior [ RunTime:0.000000s ]
INFO: [ app_init ] --END-- [ RunTime:0.001000s ]
INFO: [ app_begin ] --START--
INFO: Run Behavior\ReadHtmlCacheBehavior [ RunTime:0.002000s ]
INFO: [ app_begin ] --END-- [ RunTime:0.003000s ]
SQL: SHOW COLUMNS FROM `common` [ RunTime:0.005001s ]
SQL: SELECT COUNT(distinct common_name) AS tp_count FROM `common` WHERE `common_name` LIKE 'i%' LIMIT 1   [ RunTime:0.000000s ]
SQL: SELECT distinct common_name as name FROM `common` WHERE `common_name` LIKE 'i%' ORDER BY name asc LIMIT 0,50   [ RunTime:0.001000s ]

[ 2015-07-25T16:38:17+08:00 ] ::1 /tp/index.php/Home/Analyze/news.html
INFO: [ app_init ] --START--
INFO: Run Behavior\BuildLiteBehavior [ RunTime:0.000000s ]
INFO: [ app_init ] --END-- [ RunTime:0.001000s ]
INFO: [ app_begin ] --START--
INFO: Run Behavior\ReadHtmlCacheBehavior [ RunTime:0.001000s ]
INFO: [ app_begin ] --END-- [ RunTime:0.002000s ]
INFO: [ view_parse ] --START--
INFO: [ template_filter ] --START--
INFO: Run Behavior\ContentReplaceBehavior [ RunTime:0.000000s ]
INFO: [ template_filter ] --END-- [ RunTime:0.000000s ]
INFO: Run Behavior\ParseTemplateBehavior [ RunTime:0.014001s ]
INFO: [ view_parse ] --END-- [ RunTime:0.014001s ]
INFO: [ view_filter ] --START--
INFO: Run Behavior\WriteHtmlCacheBehavior [ RunTime:0.001000s ]
INFO: [ view_filter ] --END-- [ RunTime:0.001000s ]
INFO: [ app_end ] --START--
INFO: Run Behavior\ShowPageTraceBehavior [ RunTime:0.001000s ]
INFO: [ app_end ] --END-- [ RunTime:0.001000s ]

[ 2015-07-25T16:38:20+08:00 ] ::1 /tp/index.php/Home/Analyze/getcommonname
INFO: [ app_init ] --START--
INFO: Run Behavior\BuildLiteBehavior [ RunTime:0.000000s ]
INFO: [ app_init ] --END-- [ RunTime:0.001000s ]
INFO: [ app_begin ] --START--
INFO: Run Behavior\ReadHtmlCacheBehavior [ RunTime:0.001000s ]
INFO: [ app_begin ] --END-- [ RunTime:0.001000s ]
SQL: SHOW COLUMNS FROM `common` [ RunTime:0.004000s ]
SQL: SELECT COUNT(distinct common_name) AS tp_count FROM `common` WHERE `common_name` LIKE 'i%' LIMIT 1   [ RunTime:0.000000s ]
SQL: SELECT distinct common_name as name FROM `common` WHERE `common_name` LIKE 'i%' ORDER BY name asc LIMIT 0,50   [ RunTime:0.000000s ]

[ 2015-07-25T16:38:26+08:00 ] ::1 /tp/index.php/Home/Analyze/getcommonname
INFO: [ app_init ] --START--
INFO: Run Behavior\BuildLiteBehavior [ RunTime:0.000000s ]
INFO: [ app_init ] --END-- [ RunTime:0.001000s ]
INFO: [ app_begin ] --START--
INFO: Run Behavior\ReadHtmlCacheBehavior [ RunTime:0.001000s ]
INFO: [ app_begin ] --END-- [ RunTime:0.001000s ]
SQL: SHOW COLUMNS FROM `common` [ RunTime:0.004001s ]
SQL: SELECT COUNT(distinct common_name) AS tp_count FROM `common` WHERE `common_name` LIKE 'i%' LIMIT 1   [ RunTime:0.001000s ]
SQL: SELECT distinct common_name as name FROM `common` WHERE `common_name` LIKE 'i%' ORDER BY name asc LIMIT 0,50   [ RunTime:0.001000s ]

[ 2015-07-25T16:38:32+08:00 ] ::1 /tp/index.php/Home/Analyze/getcommonname
INFO: [ app_init ] --START--
INFO: Run Behavior\BuildLiteBehavior [ RunTime:0.000000s ]
INFO: [ app_init ] --END-- [ RunTime:0.001000s ]
INFO: [ app_begin ] --START--
INFO: Run Behavior\ReadHtmlCacheBehavior [ RunTime:0.001001s ]
INFO: [ app_begin ] --END-- [ RunTime:0.001001s ]
SQL: SHOW COLUMNS FROM `common` [ RunTime:0.004000s ]
SQL: SELECT COUNT(distinct common_name) AS tp_count FROM `common` WHERE `common_name` LIKE 'iii%' LIMIT 1   [ RunTime:0.000000s ]
SQL: SELECT distinct common_name as name FROM `common` WHERE `common_name` LIKE 'iii%' ORDER BY name asc LIMIT 0,50   [ RunTime:0.000000s ]

[ 2015-07-25T16:38:40+08:00 ] ::1 /tp/index.php/Home/Analyze/getcommonname
INFO: [ app_init ] --START--
INFO: Run Behavior\BuildLiteBehavior [ RunTime:0.000000s ]
INFO: [ app_init ] --END-- [ RunTime:0.000000s ]
INFO: [ app_begin ] --START--
INFO: Run Behavior\ReadHtmlCacheBehavior [ RunTime:0.001000s ]
INFO: [ app_begin ] --END-- [ RunTime:0.001000s ]
SQL: SHOW COLUMNS FROM `common` [ RunTime:0.004001s ]
SQL: SELECT COUNT(distinct common_name) AS tp_count FROM `common` WHERE `common_name` LIKE '%' LIMIT 1   [ RunTime:0.001000s ]
SQL: SELECT distinct common_name as name FROM `common` WHERE `common_name` LIKE '%' ORDER BY name asc LIMIT 0,50   [ RunTime:0.001000s ]

[ 2015-07-25T16:40:36+08:00 ] ::1 /tp/index.php/Home/Analyze/getcommonname
INFO: [ app_init ] --START--
INFO: Run Behavior\BuildLiteBehavior [ RunTime:0.000000s ]
INFO: [ app_init ] --END-- [ RunTime:0.001000s ]
INFO: [ app_begin ] --START--
INFO: Run Behavior\ReadHtmlCacheBehavior [ RunTime:0.001000s ]
INFO: [ app_begin ] --END-- [ RunTime:0.001000s ]
SQL: SHOW COLUMNS FROM `common` [ RunTime:0.002000s ]
SQL: SELECT COUNT(distinct common_name) AS tp_count FROM `common` WHERE `common_name` LIKE 'if%' LIMIT 1   [ RunTime:0.000000s ]
SQL: SELECT distinct common_name as name FROM `common` WHERE `common_name` LIKE 'if%' ORDER BY name asc LIMIT 0,50   [ RunTime:0.000000s ]

[ 2015-07-25T16:40:37+08:00 ] ::1 /tp/index.php/Home/Analyze/getcommonname
INFO: [ app_init ] --START--
INFO: Run Behavior\BuildLiteBehavior [ RunTime:0.000000s ]
INFO: [ app_init ] --END-- [ RunTime:0.001000s ]
INFO: [ app_begin ] --START--
INFO: Run Behavior\ReadHtmlCacheBehavior [ RunTime:0.001000s ]
INFO: [ app_begin ] --END-- [ RunTime:0.001000s ]
SQL: SHOW COLUMNS FROM `common` [ RunTime:0.004001s ]
SQL: SELECT COUNT(distinct common_name) AS tp_count FROM `common` WHERE `common_name` LIKE 'i%' LIMIT 1   [ RunTime:0.000000s ]
SQL: SELECT distinct common_name as name FROM `common` WHERE `common_name` LIKE 'i%' ORDER BY name asc LIMIT 0,50   [ RunTime:0.000000s ]

[ 2015-07-25T16:40:43+08:00 ] ::1 /tp/index.php/Home/Analyze/getcommonname
INFO: [ app_init ] --START--
INFO: Run Behavior\BuildLiteBehavior [ RunTime:0.000000s ]
INFO: [ app_init ] --END-- [ RunTime:0.001000s ]
INFO: [ app_begin ] --START--
INFO: Run Behavior\ReadHtmlCacheBehavior [ RunTime:0.003000s ]
INFO: [ app_begin ] --END-- [ RunTime:0.003000s ]
SQL: SHOW COLUMNS FROM `common` [ RunTime:0.008001s ]
SQL: SELECT COUNT(distinct common_name) AS tp_count FROM `common` WHERE `common_name` LIKE '%' LIMIT 1   [ RunTime:0.001000s ]
SQL: SELECT distinct common_name as name FROM `common` WHERE `common_name` LIKE '%' ORDER BY name asc LIMIT 0,50   [ RunTime:0.000000s ]

[ 2015-07-25T16:45:03+08:00 ] ::1 /tp/index.php/Home/Analyze/getcommonname
INFO: [ app_init ] --START--
INFO: Run Behavior\BuildLiteBehavior [ RunTime:0.000000s ]
INFO: [ app_init ] --END-- [ RunTime:0.000000s ]
INFO: [ app_begin ] --START--
INFO: Run Behavior\ReadHtmlCacheBehavior [ RunTime:0.001000s ]
INFO: [ app_begin ] --END-- [ RunTime:0.001000s ]
SQL: SHOW COLUMNS FROM `common` [ RunTime:0.005000s ]
SQL: SELECT COUNT(distinct common_name) AS tp_count FROM `common` WHERE `common_name` LIKE 'i%' LIMIT 1   [ RunTime:0.001000s ]
SQL: SELECT distinct common_name as name FROM `common` WHERE `common_name` LIKE 'i%' ORDER BY name asc LIMIT 0,50   [ RunTime:0.000000s ]

[ 2015-07-25T16:46:16+08:00 ] ::1 /tp/index.php/Home/Analyze/news.html
INFO: [ app_init ] --START--
INFO: Run Behavior\BuildLiteBehavior [ RunTime:0.000000s ]
INFO: [ app_init ] --END-- [ RunTime:0.001000s ]
INFO: [ app_begin ] --START--
INFO: Run Behavior\ReadHtmlCacheBehavior [ RunTime:0.000000s ]
INFO: [ app_begin ] --END-- [ RunTime:0.000000s ]
INFO: [ view_parse ] --START--
INFO: [ template_filter ] --START--
INFO: Run Behavior\ContentReplaceBehavior [ RunTime:0.001000s ]
INFO: [ template_filter ] --END-- [ RunTime:0.001000s ]
INFO: Run Behavior\ParseTemplateBehavior [ RunTime:0.010001s ]
INFO: [ view_parse ] --END-- [ RunTime:0.010001s ]
INFO: [ view_filter ] --START--
INFO: Run Behavior\WriteHtmlCacheBehavior [ RunTime:0.000000s ]
INFO: [ view_filter ] --END-- [ RunTime:0.001000s ]
INFO: [ app_end ] --START--
INFO: Run Behavior\ShowPageTraceBehavior [ RunTime:0.000000s ]
INFO: [ app_end ] --END-- [ RunTime:0.000000s ]

[ 2015-07-25T16:46:20+08:00 ] ::1 /tp/index.php/Home/Analyze/getcommonname
INFO: [ app_init ] --START--
INFO: Run Behavior\BuildLiteBehavior [ RunTime:0.000000s ]
INFO: [ app_init ] --END-- [ RunTime:0.000000s ]
INFO: [ app_begin ] --START--
INFO: Run Behavior\ReadHtmlCacheBehavior [ RunTime:0.001000s ]
INFO: [ app_begin ] --END-- [ RunTime:0.001000s ]
SQL: SHOW COLUMNS FROM `common` [ RunTime:0.004000s ]
SQL: SELECT COUNT(distinct common_name) AS tp_count FROM `common` WHERE `common_name` LIKE 'i%' LIMIT 1   [ RunTime:0.000000s ]
SQL: SELECT distinct common_name as name FROM `common` WHERE `common_name` LIKE 'i%' ORDER BY name asc LIMIT 0,50   [ RunTime:0.000000s ]

[ 2015-07-25T16:47:51+08:00 ] ::1 /tp/index.php/Home/Analyze/news.html
INFO: [ app_init ] --START--
INFO: Run Behavior\BuildLiteBehavior [ RunTime:0.000000s ]
INFO: [ app_init ] --END-- [ RunTime:0.000000s ]
INFO: [ app_begin ] --START--
INFO: Run Behavior\ReadHtmlCacheBehavior [ RunTime:0.001000s ]
INFO: [ app_begin ] --END-- [ RunTime:0.001000s ]
INFO: [ view_parse ] --START--
INFO: [ template_filter ] --START--
INFO: Run Behavior\ContentReplaceBehavior [ RunTime:0.001000s ]
INFO: [ template_filter ] --END-- [ RunTime:0.001000s ]
INFO: Run Behavior\ParseTemplateBehavior [ RunTime:0.009001s ]
INFO: [ view_parse ] --END-- [ RunTime:0.010001s ]
INFO: [ view_filter ] --START--
INFO: Run Behavior\WriteHtmlCacheBehavior [ RunTime:0.000000s ]
INFO: [ view_filter ] --END-- [ RunTime:0.000000s ]
INFO: [ app_end ] --START--
INFO: Run Behavior\ShowPageTraceBehavior [ RunTime:0.001000s ]
INFO: [ app_end ] --END-- [ RunTime:0.001000s ]

[ 2015-07-25T16:47:58+08:00 ] ::1 /tp/index.php/Home/Analyze/news.html
INFO: [ app_init ] --START--
INFO: Run Behavior\BuildLiteBehavior [ RunTime:0.000000s ]
INFO: [ app_init ] --END-- [ RunTime:0.000000s ]
INFO: [ app_begin ] --START--
INFO: Run Behavior\ReadHtmlCacheBehavior [ RunTime:0.001000s ]
INFO: [ app_begin ] --END-- [ RunTime:0.001000s ]
INFO: [ view_parse ] --START--
INFO: [ template_filter ] --START--
INFO: Run Behavior\ContentReplaceBehavior [ RunTime:0.000000s ]
INFO: [ template_filter ] --END-- [ RunTime:0.000000s ]
INFO: Run Behavior\ParseTemplateBehavior [ RunTime:0.007001s ]
INFO: [ view_parse ] --END-- [ RunTime:0.007001s ]
INFO: [ view_filter ] --START--
INFO: Run Behavior\WriteHtmlCacheBehavior [ RunTime:0.000000s ]
INFO: [ view_filter ] --END-- [ RunTime:0.000000s ]
INFO: [ app_end ] --START--
INFO: Run Behavior\ShowPageTraceBehavior [ RunTime:0.000000s ]
INFO: [ app_end ] --END-- [ RunTime:0.001000s ]

[ 2015-07-25T16:48:02+08:00 ] ::1 /tp/index.php/Home/Analyze/getcommonname
INFO: [ app_init ] --START--
INFO: Run Behavior\BuildLiteBehavior [ RunTime:0.000000s ]
INFO: [ app_init ] --END-- [ RunTime:0.001000s ]
INFO: [ app_begin ] --START--
INFO: Run Behavior\ReadHtmlCacheBehavior [ RunTime:0.002000s ]
INFO: [ app_begin ] --END-- [ RunTime:0.002000s ]
SQL: SHOW COLUMNS FROM `common` [ RunTime:0.005000s ]
SQL: SELECT COUNT(distinct common_name) AS tp_count FROM `common` WHERE `common_name` LIKE 'i%' LIMIT 1   [ RunTime:0.001000s ]
SQL: SELECT distinct common_name as name FROM `common` WHERE `common_name` LIKE 'i%' ORDER BY name asc LIMIT 0,50   [ RunTime:0.000000s ]

[ 2015-07-25T16:49:17+08:00 ] ::1 /tp/index.php/Home/Analyze/news.html
INFO: [ app_init ] --START--
INFO: Run Behavior\BuildLiteBehavior [ RunTime:0.000000s ]
INFO: [ app_init ] --END-- [ RunTime:0.001000s ]
INFO: [ app_begin ] --START--
INFO: Run Behavior\ReadHtmlCacheBehavior [ RunTime:0.001000s ]
INFO: [ app_begin ] --END-- [ RunTime:0.001000s ]
INFO: [ view_parse ] --START--
INFO: [ template_filter ] --START--
INFO: Run Behavior\ContentReplaceBehavior [ RunTime:0.000000s ]
INFO: [ template_filter ] --END-- [ RunTime:0.000000s ]
INFO: Run Behavior\ParseTemplateBehavior [ RunTime:0.009000s ]
INFO: [ view_parse ] --END-- [ RunTime:0.009000s ]
INFO: [ view_filter ] --START--
INFO: Run Behavior\WriteHtmlCacheBehavior [ RunTime:0.000000s ]
INFO: [ view_filter ] --END-- [ RunTime:0.000000s ]
INFO: [ app_end ] --START--
INFO: Run Behavior\ShowPageTraceBehavior [ RunTime:0.001001s ]
INFO: [ app_end ] --END-- [ RunTime:0.001001s ]

[ 2015-07-25T16:49:22+08:00 ] ::1 /tp/index.php/Home/Analyze/getcommonname
INFO: [ app_init ] --START--
INFO: Run Behavior\BuildLiteBehavior [ RunTime:0.000000s ]
INFO: [ app_init ] --END-- [ RunTime:0.000000s ]
INFO: [ app_begin ] --START--
INFO: Run Behavior\ReadHtmlCacheBehavior [ RunTime:0.001000s ]
INFO: [ app_begin ] --END-- [ RunTime:0.001000s ]
SQL: SHOW COLUMNS FROM `common` [ RunTime:0.004001s ]
SQL: SELECT COUNT(distinct common_name) AS tp_count FROM `common` WHERE `common_name` LIKE 'i%' LIMIT 1   [ RunTime:0.001000s ]
SQL: SELECT distinct common_name as name FROM `common` WHERE `common_name` LIKE 'i%' ORDER BY name asc LIMIT 0,50   [ RunTime:0.001000s ]

[ 2015-07-25T16:50:10+08:00 ] ::1 /tp/index.php/Home/Analyze/news.html
INFO: [ app_init ] --START--
INFO: Run Behavior\BuildLiteBehavior [ RunTime:0.001000s ]
INFO: [ app_init ] --END-- [ RunTime:0.001000s ]
INFO: [ app_begin ] --START--
INFO: Run Behavior\ReadHtmlCacheBehavior [ RunTime:0.002000s ]
INFO: [ app_begin ] --END-- [ RunTime:0.002000s ]
INFO: [ view_parse ] --START--
INFO: [ template_filter ] --START--
INFO: Run Behavior\ContentReplaceBehavior [ RunTime:0.000000s ]
INFO: [ template_filter ] --END-- [ RunTime:0.000000s ]
INFO: Run Behavior\ParseTemplateBehavior [ RunTime:0.012000s ]
INFO: [ view_parse ] --END-- [ RunTime:0.012000s ]
INFO: [ view_filter ] --START--
INFO: Run Behavior\WriteHtmlCacheBehavior [ RunTime:0.001000s ]
INFO: [ view_filter ] --END-- [ RunTime:0.001000s ]
INFO: [ app_end ] --START--
INFO: Run Behavior\ShowPageTraceBehavior [ RunTime:0.002000s ]
INFO: [ app_end ] --END-- [ RunTime:0.003000s ]

[ 2015-07-25T16:50:14+08:00 ] ::1 /tp/index.php/Home/Analyze/getcommonname
INFO: [ app_init ] --START--
INFO: Run Behavior\BuildLiteBehavior [ RunTime:0.000000s ]
INFO: [ app_init ] --END-- [ RunTime:0.000000s ]
INFO: [ app_begin ] --START--
INFO: Run Behavior\ReadHtmlCacheBehavior [ RunTime:0.001000s ]
INFO: [ app_begin ] --END-- [ RunTime:0.001000s ]
SQL: SHOW COLUMNS FROM `common` [ RunTime:0.004000s ]
SQL: SELECT COUNT(distinct common_name) AS tp_count FROM `common` WHERE `common_name` LIKE 'i%' LIMIT 1   [ RunTime:0.001000s ]
SQL: SELECT distinct common_name as name FROM `common` WHERE `common_name` LIKE 'i%' ORDER BY name asc LIMIT 0,50   [ RunTime:0.000000s ]

[ 2015-07-25T16:50:56+08:00 ] ::1 /tp/index.php/Home/Analyze/news.html
INFO: [ app_init ] --START--
INFO: Run Behavior\BuildLiteBehavior [ RunTime:0.000000s ]
INFO: [ app_init ] --END-- [ RunTime:0.001000s ]
INFO: [ app_begin ] --START--
INFO: Run Behavior\ReadHtmlCacheBehavior [ RunTime:0.001000s ]
INFO: [ app_begin ] --END-- [ RunTime:0.001000s ]
INFO: [ view_parse ] --START--
INFO: [ template_filter ] --START--
INFO: Run Behavior\ContentReplaceBehavior [ RunTime:0.000000s ]
INFO: [ template_filter ] --END-- [ RunTime:0.000000s ]
INFO: Run Behavior\ParseTemplateBehavior [ RunTime:0.009001s ]
INFO: [ view_parse ] --END-- [ RunTime:0.009001s ]
INFO: [ view_filter ] --START--
INFO: Run Behavior\WriteHtmlCacheBehavior [ RunTime:0.001000s ]
INFO: [ view_filter ] --END-- [ RunTime:0.001000s ]
INFO: [ app_end ] --START--
INFO: Run Behavior\ShowPageTraceBehavior [ RunTime:0.002000s ]
INFO: [ app_end ] --END-- [ RunTime:0.002000s ]

[ 2015-07-25T16:51:28+08:00 ] ::1 /tp/index.php/Home/Analyze/getcommonname
INFO: [ app_init ] --START--
INFO: Run Behavior\BuildLiteBehavior [ RunTime:0.000000s ]
INFO: [ app_init ] --END-- [ RunTime:0.001000s ]
INFO: [ app_begin ] --START--
INFO: Run Behavior\ReadHtmlCacheBehavior [ RunTime:0.001001s ]
INFO: [ app_begin ] --END-- [ RunTime:0.001001s ]
SQL: SHOW COLUMNS FROM `common` [ RunTime:0.005001s ]
SQL: SELECT COUNT(distinct common_name) AS tp_count FROM `common` WHERE `common_name` LIKE 'i%' LIMIT 1   [ RunTime:0.000000s ]
SQL: SELECT distinct common_name as name FROM `common` WHERE `common_name` LIKE 'i%' ORDER BY name asc LIMIT 0,50   [ RunTime:0.000000s ]

[ 2015-07-25T16:52:27+08:00 ] ::1 /tp/index.php/Home/Analyze/news.html
INFO: [ app_init ] --START--
INFO: Run Behavior\BuildLiteBehavior [ RunTime:0.000000s ]
INFO: [ app_init ] --END-- [ RunTime:0.001000s ]
INFO: [ app_begin ] --START--
INFO: Run Behavior\ReadHtmlCacheBehavior [ RunTime:0.001001s ]
INFO: [ app_begin ] --END-- [ RunTime:0.001001s ]
INFO: [ view_parse ] --START--
INFO: [ template_filter ] --START--
INFO: Run Behavior\ContentReplaceBehavior [ RunTime:0.000000s ]
INFO: [ template_filter ] --END-- [ RunTime:0.000000s ]
INFO: Run Behavior\ParseTemplateBehavior [ RunTime:0.009000s ]
INFO: [ view_parse ] --END-- [ RunTime:0.009000s ]
INFO: [ view_filter ] --START--
INFO: Run Behavior\WriteHtmlCacheBehavior [ RunTime:0.000000s ]
INFO: [ view_filter ] --END-- [ RunTime:0.000000s ]
INFO: [ app_end ] --START--
INFO: Run Behavior\ShowPageTraceBehavior [ RunTime:0.001000s ]
INFO: [ app_end ] --END-- [ RunTime:0.001000s ]

[ 2015-07-25T16:52:31+08:00 ] ::1 /tp/index.php/Home/Analyze/getcommonname
INFO: [ app_init ] --START--
INFO: Run Behavior\BuildLiteBehavior [ RunTime:0.000000s ]
INFO: [ app_init ] --END-- [ RunTime:0.001000s ]
INFO: [ app_begin ] --START--
INFO: Run Behavior\ReadHtmlCacheBehavior [ RunTime:0.001000s ]
INFO: [ app_begin ] --END-- [ RunTime:0.002000s ]
SQL: SHOW COLUMNS FROM `common` [ RunTime:0.002000s ]
SQL: SELECT COUNT(distinct common_name) AS tp_count FROM `common` WHERE `common_name` LIKE 'i%' LIMIT 1   [ RunTime:0.001001s ]
SQL: SELECT distinct common_name as name FROM `common` WHERE `common_name` LIKE 'i%' ORDER BY name asc LIMIT 0,50   [ RunTime:0.000000s ]

[ 2015-07-25T16:55:12+08:00 ] 192.168.137.94 /tp/index.php/Home/Analyze/news.html
INFO: [ app_init ] --START--
INFO: Run Behavior\BuildLiteBehavior [ RunTime:0.000000s ]
INFO: [ app_init ] --END-- [ RunTime:0.001000s ]
INFO: [ app_begin ] --START--
INFO: Run Behavior\ReadHtmlCacheBehavior [ RunTime:0.002000s ]
INFO: [ app_begin ] --END-- [ RunTime:0.002000s ]
INFO: [ view_parse ] --START--
INFO: [ template_filter ] --START--
INFO: Run Behavior\ContentReplaceBehavior [ RunTime:0.000000s ]
INFO: [ template_filter ] --END-- [ RunTime:0.000000s ]
INFO: Run Behavior\ParseTemplateBehavior [ RunTime:0.012000s ]
INFO: [ view_parse ] --END-- [ RunTime:0.012000s ]
INFO: [ view_filter ] --START--
INFO: Run Behavior\WriteHtmlCacheBehavior [ RunTime:0.000000s ]
INFO: [ view_filter ] --END-- [ RunTime:0.001000s ]
INFO: [ app_end ] --START--
INFO: Run Behavior\ShowPageTraceBehavior [ RunTime:0.002000s ]
INFO: [ app_end ] --END-- [ RunTime:0.002000s ]

[ 2015-07-25T16:55:22+08:00 ] 192.168.137.94 /tp/index.php/Home/Analyze/getcommonname
INFO: [ app_init ] --START--
INFO: Run Behavior\BuildLiteBehavior [ RunTime:0.000000s ]
INFO: [ app_init ] --END-- [ RunTime:0.001000s ]
INFO: [ app_begin ] --START--
INFO: Run Behavior\ReadHtmlCacheBehavior [ RunTime:0.002000s ]
INFO: [ app_begin ] --END-- [ RunTime:0.003000s ]
SQL: SHOW COLUMNS FROM `common` [ RunTime:0.008000s ]
SQL: SELECT COUNT(distinct common_name) AS tp_count FROM `common` WHERE `common_name` LIKE 'i%' LIMIT 1   [ RunTime:0.001000s ]
SQL: SELECT distinct common_name as name FROM `common` WHERE `common_name` LIKE 'i%' ORDER BY name asc LIMIT 0,50   [ RunTime:0.001000s ]

[ 2015-07-25T16:55:23+08:00 ] 192.168.137.94 /tp/index.php/Home/Analyze/getcommonname
INFO: [ app_init ] --START--
INFO: Run Behavior\BuildLiteBehavior [ RunTime:0.000000s ]
INFO: [ app_init ] --END-- [ RunTime:0.002000s ]
INFO: [ app_begin ] --START--
INFO: Run Behavior\ReadHtmlCacheBehavior [ RunTime:0.002000s ]
INFO: [ app_begin ] --END-- [ RunTime:0.003000s ]
SQL: SHOW COLUMNS FROM `common` [ RunTime:0.004000s ]
SQL: SELECT COUNT(distinct common_name) AS tp_count FROM `common` WHERE `common_name` LIKE 'i%' LIMIT 1   [ RunTime:0.001001s ]
SQL: SELECT distinct common_name as name FROM `common` WHERE `common_name` LIKE 'i%' ORDER BY name asc LIMIT 0,50   [ RunTime:0.001000s ]

[ 2015-07-25T16:55:37+08:00 ] 192.168.137.94 /tp/index.php/Home/Analyze/getcommonname
INFO: [ app_init ] --START--
INFO: Run Behavior\BuildLiteBehavior [ RunTime:0.000000s ]
INFO: [ app_init ] --END-- [ RunTime:0.001000s ]
INFO: [ app_begin ] --START--
INFO: Run Behavior\ReadHtmlCacheBehavior [ RunTime:0.002000s ]
INFO: [ app_begin ] --END-- [ RunTime:0.002000s ]
SQL: SHOW COLUMNS FROM `common` [ RunTime:0.005000s ]
SQL: SELECT COUNT(distinct common_name) AS tp_count FROM `common` WHERE `common_name` LIKE 'iopop%' LIMIT 1   [ RunTime:0.001000s ]
SQL: SELECT distinct common_name as name FROM `common` WHERE `common_name` LIKE 'iopop%' ORDER BY name asc LIMIT 0,50   [ RunTime:0.001000s ]

[ 2015-07-25T16:55:42+08:00 ] 192.168.137.94 /tp/index.php/Home/Analyze/getcommonname
INFO: [ app_init ] --START--
INFO: Run Behavior\BuildLiteBehavior [ RunTime:0.000000s ]
INFO: [ app_init ] --END-- [ RunTime:0.001000s ]
INFO: [ app_begin ] --START--
INFO: Run Behavior\ReadHtmlCacheBehavior [ RunTime:0.001000s ]
INFO: [ app_begin ] --END-- [ RunTime:0.001000s ]
SQL: SHOW COLUMNS FROM `common` [ RunTime:0.004001s ]
SQL: SELECT COUNT(distinct common_name) AS tp_count FROM `common` WHERE `common_name` LIKE '%' LIMIT 1   [ RunTime:0.000000s ]
SQL: SELECT distinct common_name as name FROM `common` WHERE `common_name` LIKE '%' ORDER BY name asc LIMIT 0,50   [ RunTime:0.000000s ]

[ 2015-07-25T16:56:58+08:00 ] ::1 /tp/index.php/Home/Analyze/getcommonname
INFO: [ app_init ] --START--
INFO: Run Behavior\BuildLiteBehavior [ RunTime:0.000000s ]
INFO: [ app_init ] --END-- [ RunTime:0.001000s ]
INFO: [ app_begin ] --START--
INFO: Run Behavior\ReadHtmlCacheBehavior [ RunTime:0.001000s ]
INFO: [ app_begin ] --END-- [ RunTime:0.001000s ]
SQL: SHOW COLUMNS FROM `common` [ RunTime:0.003000s ]
SQL: SELECT COUNT(distinct common_name) AS tp_count FROM `common` WHERE `common_name` LIKE 'if%' LIMIT 1   [ RunTime:0.000000s ]
SQL: SELECT distinct common_name as name FROM `common` WHERE `common_name` LIKE 'if%' ORDER BY name asc LIMIT 0,50   [ RunTime:0.001000s ]

[ 2015-07-25T16:59:26+08:00 ] ::1 /tp/index.php/Home/Analyze/news.html
INFO: [ app_init ] --START--
INFO: Run Behavior\BuildLiteBehavior [ RunTime:0.000000s ]
INFO: [ app_init ] --END-- [ RunTime:0.001000s ]
INFO: [ app_begin ] --START--
INFO: Run Behavior\ReadHtmlCacheBehavior [ RunTime:0.001000s ]
INFO: [ app_begin ] --END-- [ RunTime:0.001000s ]
INFO: [ view_parse ] --START--
INFO: [ template_filter ] --START--
INFO: Run Behavior\ContentReplaceBehavior [ RunTime:0.000000s ]
INFO: [ template_filter ] --END-- [ RunTime:0.000000s ]
INFO: Run Behavior\ParseTemplateBehavior [ RunTime:0.010001s ]
INFO: [ view_parse ] --END-- [ RunTime:0.011001s ]
INFO: [ view_filter ] --START--
INFO: Run Behavior\WriteHtmlCacheBehavior [ RunTime:0.001000s ]
INFO: [ view_filter ] --END-- [ RunTime:0.001000s ]
INFO: [ app_end ] --START--
INFO: Run Behavior\ShowPageTraceBehavior [ RunTime:0.000000s ]
INFO: [ app_end ] --END-- [ RunTime:0.000000s ]

[ 2015-07-25T16:59:30+08:00 ] ::1 /tp/index.php/Home/Analyze/getcommonname
INFO: [ app_init ] --START--
INFO: Run Behavior\BuildLiteBehavior [ RunTime:0.000000s ]
INFO: [ app_init ] --END-- [ RunTime:0.002000s ]
INFO: [ app_begin ] --START--
INFO: Run Behavior\ReadHtmlCacheBehavior [ RunTime:0.003000s ]
INFO: [ app_begin ] --END-- [ RunTime:0.003000s ]
SQL: SHOW COLUMNS FROM `common` [ RunTime:0.005000s ]
SQL: SELECT COUNT(distinct common_name) AS tp_count FROM `common` WHERE `common_name` LIKE 'i%' LIMIT 1   [ RunTime:0.001000s ]
SQL: SELECT distinct common_name as name FROM `common` WHERE `common_name` LIKE 'i%' ORDER BY name asc LIMIT 0,50   [ RunTime:0.001000s ]

[ 2015-07-25T16:59:38+08:00 ] ::1 /tp/index.php/Home/Analyze/getcommonname
INFO: [ app_init ] --START--
INFO: Run Behavior\BuildLiteBehavior [ RunTime:0.000000s ]
INFO: [ app_init ] --END-- [ RunTime:0.001000s ]
INFO: [ app_begin ] --START--
INFO: Run Behavior\ReadHtmlCacheBehavior [ RunTime:0.001000s ]
INFO: [ app_begin ] --END-- [ RunTime:0.001000s ]
SQL: SHOW COLUMNS FROM `common` [ RunTime:0.004000s ]
SQL: SELECT COUNT(distinct common_name) AS tp_count FROM `common` WHERE `common_name` LIKE '%' LIMIT 1   [ RunTime:0.001000s ]
SQL: SELECT distinct common_name as name FROM `common` WHERE `common_name` LIKE '%' ORDER BY name asc LIMIT 0,50   [ RunTime:0.000000s ]

[ 2015-07-25T17:04:21+08:00 ] 192.168.137.94 /tp/index.php/Home/Analyze/news.html
INFO: [ app_init ] --START--
INFO: Run Behavior\BuildLiteBehavior [ RunTime:0.000000s ]
INFO: [ app_init ] --END-- [ RunTime:0.002000s ]
INFO: [ app_begin ] --START--
INFO: Run Behavior\ReadHtmlCacheBehavior [ RunTime:0.001000s ]
INFO: [ app_begin ] --END-- [ RunTime:0.001000s ]
INFO: [ view_parse ] --START--
INFO: [ template_filter ] --START--
INFO: Run Behavior\ContentReplaceBehavior [ RunTime:0.001000s ]
INFO: [ template_filter ] --END-- [ RunTime:0.001000s ]
INFO: Run Behavior\ParseTemplateBehavior [ RunTime:0.013000s ]
INFO: [ view_parse ] --END-- [ RunTime:0.013000s ]
INFO: [ view_filter ] --START--
INFO: Run Behavior\WriteHtmlCacheBehavior [ RunTime:0.000000s ]
INFO: [ view_filter ] --END-- [ RunTime:0.001000s ]
INFO: [ app_end ] --START--
INFO: Run Behavior\ShowPageTraceBehavior [ RunTime:0.001000s ]
INFO: [ app_end ] --END-- [ RunTime:0.001000s ]

[ 2015-07-25T17:04:38+08:00 ] 192.168.137.94 /tp/index.php/Home/Analyze/news.html
INFO: [ app_init ] --START--
INFO: Run Behavior\BuildLiteBehavior [ RunTime:0.000000s ]
INFO: [ app_init ] --END-- [ RunTime:0.001000s ]
INFO: [ app_begin ] --START--
INFO: Run Behavior\ReadHtmlCacheBehavior [ RunTime:0.003000s ]
INFO: [ app_begin ] --END-- [ RunTime:0.003000s ]
INFO: [ view_parse ] --START--
INFO: [ template_filter ] --START--
INFO: Run Behavior\ContentReplaceBehavior [ RunTime:0.000000s ]
INFO: [ template_filter ] --END-- [ RunTime:0.000000s ]
INFO: Run Behavior\ParseTemplateBehavior [ RunTime:0.012000s ]
INFO: [ view_parse ] --END-- [ RunTime:0.012000s ]
INFO: [ view_filter ] --START--
INFO: Run Behavior\WriteHtmlCacheBehavior [ RunTime:0.001000s ]
INFO: [ view_filter ] --END-- [ RunTime:0.001000s ]
INFO: [ app_end ] --START--
INFO: Run Behavior\ShowPageTraceBehavior [ RunTime:0.002001s ]
INFO: [ app_end ] --END-- [ RunTime:0.002001s ]

[ 2015-07-25T17:04:43+08:00 ] 192.168.137.94 /tp/index.php/Home/Analyze/getcommonname
INFO: [ app_init ] --START--
INFO: Run Behavior\BuildLiteBehavior [ RunTime:0.000000s ]
INFO: [ app_init ] --END-- [ RunTime:0.001000s ]
INFO: [ app_begin ] --START--
INFO: Run Behavior\ReadHtmlCacheBehavior [ RunTime:0.002000s ]
INFO: [ app_begin ] --END-- [ RunTime:0.003001s ]
SQL: SHOW COLUMNS FROM `common` [ RunTime:0.008000s ]
SQL: SELECT COUNT(distinct common_name) AS tp_count FROM `common` WHERE `common_name` LIKE 'i%' LIMIT 1   [ RunTime:0.001000s ]
SQL: SELECT distinct common_name as name FROM `common` WHERE `common_name` LIKE 'i%' ORDER BY name asc LIMIT 0,50   [ RunTime:0.001000s ]

[ 2015-07-25T17:05:50+08:00 ] ::1 /tp/index.php/Home/Analyze/getcommonname
INFO: [ app_init ] --START--
INFO: Run Behavior\BuildLiteBehavior [ RunTime:0.000000s ]
INFO: [ app_init ] --END-- [ RunTime:0.001000s ]
INFO: [ app_begin ] --START--
INFO: Run Behavior\ReadHtmlCacheBehavior [ RunTime:0.001000s ]
INFO: [ app_begin ] --END-- [ RunTime:0.002000s ]
SQL: SHOW COLUMNS FROM `common` [ RunTime:0.005000s ]
SQL: SELECT COUNT(distinct common_name) AS tp_count FROM `common` WHERE `common_name` LIKE '%' LIMIT 1   [ RunTime:0.001000s ]
SQL: SELECT distinct common_name as name FROM `common` WHERE `common_name` LIKE '%' ORDER BY name asc LIMIT 0,50   [ RunTime:0.001000s ]

[ 2015-07-25T18:41:46+08:00 ] ::1 /tp/index.php/Home/Analyze/news.html
INFO: [ app_init ] --START--
INFO: Run Behavior\BuildLiteBehavior [ RunTime:0.000000s ]
INFO: [ app_init ] --END-- [ RunTime:0.001000s ]
INFO: [ app_begin ] --START--
INFO: Run Behavior\ReadHtmlCacheBehavior [ RunTime:0.000000s ]
INFO: [ app_begin ] --END-- [ RunTime:0.000000s ]
INFO: [ view_parse ] --START--
INFO: [ template_filter ] --START--
INFO: Run Behavior\ContentReplaceBehavior [ RunTime:0.000000s ]
INFO: [ template_filter ] --END-- [ RunTime:0.000000s ]
INFO: Run Behavior\ParseTemplateBehavior [ RunTime:0.006000s ]
INFO: [ view_parse ] --END-- [ RunTime:0.006000s ]
INFO: [ view_filter ] --START--
INFO: Run Behavior\WriteHtmlCacheBehavior [ RunTime:0.000000s ]
INFO: [ view_filter ] --END-- [ RunTime:0.000000s ]
INFO: [ app_end ] --START--
INFO: Run Behavior\ShowPageTraceBehavior [ RunTime:0.001000s ]
INFO: [ app_end ] --END-- [ RunTime:0.001000s ]

[ 2015-07-25T18:41:53+08:00 ] ::1 /tp/index.php/Home/Analyze/news.html
INFO: [ app_init ] --START--
INFO: Run Behavior\BuildLiteBehavior [ RunTime:0.000000s ]
INFO: [ app_init ] --END-- [ RunTime:0.001000s ]
INFO: [ app_begin ] --START--
INFO: Run Behavior\ReadHtmlCacheBehavior [ RunTime:0.001000s ]
INFO: [ app_begin ] --END-- [ RunTime:0.001000s ]
INFO: [ view_parse ] --START--
INFO: [ template_filter ] --START--
INFO: Run Behavior\ContentReplaceBehavior [ RunTime:0.000000s ]
INFO: [ template_filter ] --END-- [ RunTime:0.000000s ]
INFO: Run Behavior\ParseTemplateBehavior [ RunTime:0.006000s ]
INFO: [ view_parse ] --END-- [ RunTime:0.006000s ]
INFO: [ view_filter ] --START--
INFO: Run Behavior\WriteHtmlCacheBehavior [ RunTime:0.001000s ]
INFO: [ view_filter ] --END-- [ RunTime:0.001000s ]
INFO: [ app_end ] --START--
INFO: Run Behavior\ShowPageTraceBehavior [ RunTime:0.001000s ]
INFO: [ app_end ] --END-- [ RunTime:0.001000s ]

[ 2015-07-25T18:42:00+08:00 ] ::1 /tp/index.php/Home/Analyze/getcommonname
INFO: [ app_init ] --START--
INFO: Run Behavior\BuildLiteBehavior [ RunTime:0.000000s ]
INFO: [ app_init ] --END-- [ RunTime:0.000000s ]
INFO: [ app_begin ] --START--
INFO: Run Behavior\ReadHtmlCacheBehavior [ RunTime:0.001000s ]
INFO: [ app_begin ] --END-- [ RunTime:0.001000s ]
SQL: SHOW COLUMNS FROM `common` [ RunTime:0.043002s ]
SQL: SELECT COUNT(distinct common_name) AS tp_count FROM `common` WHERE `common_name` LIKE 'i%' LIMIT 1   [ RunTime:0.001000s ]
SQL: SELECT distinct common_name as name FROM `common` WHERE `common_name` LIKE 'i%' ORDER BY name asc LIMIT 0,50   [ RunTime:0.000000s ]

[ 2015-07-25T18:42:40+08:00 ] ::1 /tp/index.php/Home/Analyze/getcommonname
INFO: [ app_init ] --START--
INFO: Run Behavior\BuildLiteBehavior [ RunTime:0.000000s ]
INFO: [ app_init ] --END-- [ RunTime:0.001000s ]
INFO: [ app_begin ] --START--
INFO: Run Behavior\ReadHtmlCacheBehavior [ RunTime:0.001000s ]
INFO: [ app_begin ] --END-- [ RunTime:0.001000s ]
SQL: SHOW COLUMNS FROM `common` [ RunTime:0.003000s ]
SQL: SELECT COUNT(distinct common_name) AS tp_count FROM `common` WHERE `common_name` LIKE 'itf%' LIMIT 1   [ RunTime:0.000000s ]
SQL: SELECT distinct common_name as name FROM `common` WHERE `common_name` LIKE 'itf%' ORDER BY name asc LIMIT 0,50   [ RunTime:0.001001s ]

[ 2015-07-25T18:45:05+08:00 ] ::1 /tp/index.php/Home/Analyze/news.html
INFO: [ app_init ] --START--
INFO: Run Behavior\BuildLiteBehavior [ RunTime:0.000000s ]
INFO: [ app_init ] --END-- [ RunTime:0.001001s ]
INFO: [ app_begin ] --START--
INFO: Run Behavior\ReadHtmlCacheBehavior [ RunTime:0.000000s ]
INFO: [ app_begin ] --END-- [ RunTime:0.000000s ]
INFO: [ view_parse ] --START--
INFO: [ template_filter ] --START--
INFO: Run Behavior\ContentReplaceBehavior [ RunTime:0.000000s ]
INFO: [ template_filter ] --END-- [ RunTime:0.000000s ]
INFO: Run Behavior\ParseTemplateBehavior [ RunTime:0.005000s ]
INFO: [ view_parse ] --END-- [ RunTime:0.005000s ]
INFO: [ view_filter ] --START--
INFO: Run Behavior\WriteHtmlCacheBehavior [ RunTime:0.001000s ]
INFO: [ view_filter ] --END-- [ RunTime:0.001000s ]
INFO: [ app_end ] --START--
INFO: Run Behavior\ShowPageTraceBehavior [ RunTime:0.000000s ]
INFO: [ app_end ] --END-- [ RunTime:0.000000s ]

[ 2015-07-25T18:45:11+08:00 ] ::1 /tp/index.php/Home/Analyze/getcommonname
INFO: [ app_init ] --START--
INFO: Run Behavior\BuildLiteBehavior [ RunTime:0.000000s ]
INFO: [ app_init ] --END-- [ RunTime:0.000000s ]
INFO: [ app_begin ] --START--
INFO: Run Behavior\ReadHtmlCacheBehavior [ RunTime:0.001000s ]
INFO: [ app_begin ] --END-- [ RunTime:0.001000s ]
SQL: SHOW COLUMNS FROM `common` [ RunTime:0.003000s ]
SQL: SELECT COUNT(distinct common_name) AS tp_count FROM `common` WHERE `common_name` LIKE 'i%' LIMIT 1   [ RunTime:0.000000s ]
SQL: SELECT distinct common_name as name FROM `common` WHERE `common_name` LIKE 'i%' ORDER BY name asc LIMIT 0,50   [ RunTime:0.000000s ]

[ 2015-07-25T18:45:13+08:00 ] ::1 /tp/index.php/Home/Analyze/getcommonname
INFO: [ app_init ] --START--
INFO: Run Behavior\BuildLiteBehavior [ RunTime:0.000000s ]
INFO: [ app_init ] --END-- [ RunTime:0.001000s ]
INFO: [ app_begin ] --START--
INFO: Run Behavior\ReadHtmlCacheBehavior [ RunTime:0.001000s ]
INFO: [ app_begin ] --END-- [ RunTime:0.001000s ]
SQL: SHOW COLUMNS FROM `common` [ RunTime:0.002000s ]
SQL: SELECT COUNT(distinct common_name) AS tp_count FROM `common` WHERE `common_name` LIKE 'i%' LIMIT 1   [ RunTime:0.002000s ]
SQL: SELECT distinct common_name as name FROM `common` WHERE `common_name` LIKE 'i%' ORDER BY name asc LIMIT 0,50   [ RunTime:0.000000s ]

[ 2015-07-25T18:45:20+08:00 ] ::1 /tp/index.php/Home/Analyze/getcommonname
INFO: [ app_init ] --START--
INFO: Run Behavior\BuildLiteBehavior [ RunTime:0.000000s ]
INFO: [ app_init ] --END-- [ RunTime:0.000000s ]
INFO: [ app_begin ] --START--
INFO: Run Behavior\ReadHtmlCacheBehavior [ RunTime:0.001000s ]
INFO: [ app_begin ] --END-- [ RunTime:0.001000s ]
SQL: SHOW COLUMNS FROM `common` [ RunTime:0.003000s ]
SQL: SELECT COUNT(distinct common_name) AS tp_count FROM `common` WHERE `common_name` LIKE 'io%' LIMIT 1   [ RunTime:0.000000s ]
SQL: SELECT distinct common_name as name FROM `common` WHERE `common_name` LIKE 'io%' ORDER BY name asc LIMIT 0,50   [ RunTime:0.000000s ]

[ 2015-07-25T18:45:21+08:00 ] ::1 /tp/index.php/Home/Analyze/getcommonname
INFO: [ app_init ] --START--
INFO: Run Behavior\BuildLiteBehavior [ RunTime:0.000000s ]
INFO: [ app_init ] --END-- [ RunTime:0.000000s ]
INFO: [ app_begin ] --START--
INFO: Run Behavior\ReadHtmlCacheBehavior [ RunTime:0.001000s ]
INFO: [ app_begin ] --END-- [ RunTime:0.001000s ]
SQL: SHOW COLUMNS FROM `common` [ RunTime:0.003000s ]
SQL: SELECT COUNT(distinct common_name) AS tp_count FROM `common` WHERE `common_name` LIKE 'io%' LIMIT 1   [ RunTime:0.000000s ]
SQL: SELECT distinct common_name as name FROM `common` WHERE `common_name` LIKE 'io%' ORDER BY name asc LIMIT 0,50   [ RunTime:0.001000s ]

[ 2015-07-25T18:46:58+08:00 ] ::1 /tp/index.php/Home/Analyze/news.html
INFO: [ app_init ] --START--
INFO: Run Behavior\BuildLiteBehavior [ RunTime:0.000000s ]
INFO: [ app_init ] --END-- [ RunTime:0.000000s ]
INFO: [ app_begin ] --START--
INFO: Run Behavior\ReadHtmlCacheBehavior [ RunTime:0.000000s ]
INFO: [ app_begin ] --END-- [ RunTime:0.000000s ]
INFO: [ view_parse ] --START--
INFO: [ template_filter ] --START--
INFO: Run Behavior\ContentReplaceBehavior [ RunTime:0.000000s ]
INFO: [ template_filter ] --END-- [ RunTime:0.000000s ]
INFO: Run Behavior\ParseTemplateBehavior [ RunTime:0.006000s ]
INFO: [ view_parse ] --END-- [ RunTime:0.006000s ]
INFO: [ view_filter ] --START--
INFO: Run Behavior\WriteHtmlCacheBehavior [ RunTime:0.001000s ]
INFO: [ view_filter ] --END-- [ RunTime:0.001000s ]
INFO: [ app_end ] --START--
INFO: Run Behavior\ShowPageTraceBehavior [ RunTime:0.001000s ]
INFO: [ app_end ] --END-- [ RunTime:0.001000s ]

[ 2015-07-25T18:47:02+08:00 ] ::1 /tp/index.php/Home/Analyze/getcommonname
INFO: [ app_init ] --START--
INFO: Run Behavior\BuildLiteBehavior [ RunTime:0.000000s ]
INFO: [ app_init ] --END-- [ RunTime:0.000000s ]
INFO: [ app_begin ] --START--
INFO: Run Behavior\ReadHtmlCacheBehavior [ RunTime:0.001000s ]
INFO: [ app_begin ] --END-- [ RunTime:0.001000s ]
SQL: SHOW COLUMNS FROM `common` [ RunTime:0.004001s ]
SQL: SELECT COUNT(distinct common_name) AS tp_count FROM `common` WHERE `common_name` LIKE 'i%' LIMIT 1   [ RunTime:0.000000s ]
SQL: SELECT distinct common_name as name FROM `common` WHERE `common_name` LIKE 'i%' ORDER BY name asc LIMIT 0,50   [ RunTime:0.000000s ]

[ 2015-07-25T19:00:47+08:00 ] ::1 /tp/index.php/Home/Analyze/news.html
INFO: [ app_init ] --START--
INFO: Run Behavior\BuildLiteBehavior [ RunTime:0.000000s ]
INFO: [ app_init ] --END-- [ RunTime:0.001000s ]
INFO: [ app_begin ] --START--
INFO: Run Behavior\ReadHtmlCacheBehavior [ RunTime:0.001000s ]
INFO: [ app_begin ] --END-- [ RunTime:0.002000s ]
INFO: [ view_parse ] --START--
INFO: [ template_filter ] --START--
INFO: Run Behavior\ContentReplaceBehavior [ RunTime:0.000000s ]
INFO: [ template_filter ] --END-- [ RunTime:0.000000s ]
INFO: Run Behavior\ParseTemplateBehavior [ RunTime:0.008000s ]
INFO: [ view_parse ] --END-- [ RunTime:0.008000s ]
INFO: [ view_filter ] --START--
INFO: Run Behavior\WriteHtmlCacheBehavior [ RunTime:0.000000s ]
INFO: [ view_filter ] --END-- [ RunTime:0.000000s ]
INFO: [ app_end ] --START--
INFO: Run Behavior\ShowPageTraceBehavior [ RunTime:0.001000s ]
INFO: [ app_end ] --END-- [ RunTime:0.001000s ]

[ 2015-07-25T19:00:51+08:00 ] ::1 /tp/index.php/Home/Analyze/getcommonname
INFO: [ app_init ] --START--
INFO: Run Behavior\BuildLiteBehavior [ RunTime:0.000000s ]
INFO: [ app_init ] --END-- [ RunTime:0.000000s ]
INFO: [ app_begin ] --START--
INFO: Run Behavior\ReadHtmlCacheBehavior [ RunTime:0.001000s ]
INFO: [ app_begin ] --END-- [ RunTime:0.001000s ]
SQL: SHOW COLUMNS FROM `common` [ RunTime:0.003000s ]
SQL: SELECT COUNT(distinct common_name) AS tp_count FROM `common` WHERE `common_name` LIKE 'i%' LIMIT 1   [ RunTime:0.001000s ]
SQL: SELECT distinct common_name as name FROM `common` WHERE `common_name` LIKE 'i%' ORDER BY name asc LIMIT 0,50   [ RunTime:0.000000s ]

[ 2015-07-25T19:00:57+08:00 ] ::1 /tp/index.php/Home/Analyze/getcommonname
INFO: [ app_init ] --START--
INFO: Run Behavior\BuildLiteBehavior [ RunTime:0.000000s ]
INFO: [ app_init ] --END-- [ RunTime:0.000000s ]
INFO: [ app_begin ] --START--
INFO: Run Behavior\ReadHtmlCacheBehavior [ RunTime:0.001000s ]
INFO: [ app_begin ] --END-- [ RunTime:0.001000s ]
SQL: SHOW COLUMNS FROM `common` [ RunTime:0.003000s ]
SQL: SELECT COUNT(distinct common_name) AS tp_count FROM `common` WHERE `common_name` LIKE 'i%' LIMIT 1   [ RunTime:0.000000s ]
SQL: SELECT distinct common_name as name FROM `common` WHERE `common_name` LIKE 'i%' ORDER BY name asc LIMIT 0,50   [ RunTime:0.001000s ]

